{"{\"Event\": {\"@xmlns\": \"http://schemas.microsoft.com/win/2004/08/events/event\", \"System\": {\"Provider\": {\"@Name\": \"Microsoft-Windows-Sysmon\", \"@Guid\": \"{5770385F-C22A-43E0-BF4C-06F5698FFBD9}\"}, \"EventID\": \"13\", \"EventName\": \"RegistryEvent (Value Set)\", \"EventDescription\": \"This Registry event type identifies Registry value modifications. The event records the value written for Registry values of type DWORD and QWORD.\", \"Version\": \"5\", \"Level\": \"4\", \"Task\": \"13\", \"Opcode\": \"0\", \"Keywords\": \"0x8000000000000010\", \"TimeCreated\": {\"@SystemTime\": \"2023-04-16T14:05:10.277792800Z\"}, \"EventRecordID\": \"1234\", \"Correlation\": null, \"Execution\": {\"@ProcessID\": \"4\", \"@ThreadID\": \"1234\"}, \"Channel\": \"Microsoft-Windows-Sysmon/Operational\", \"Computer\": \"computername\", \"Security\": {\"@UserID\": \"S-1-5-18\"}}, \"EventData\": {\"Data\": [{\"@Name\": \"RuleName\", \"#text\": \"Registry Value Set\"}, {\"@Name\": \"UtcTime\", \"#text\": \"2023-04-16 14:05:10.277\"}, {\"@Name\": \"ProcessGuid\", \"#text\": \"{12345678-1234-1234-1234-123456789012}\"}, {\"@Name\": \"ProcessId\", \"#text\": \"5678\"}, {\"@Name\": \"Image\", \"#text\": \"C:\\\\Windows\\\\System32\\\\reg.exe\"}, {\"@Name\": \"TargetObject\", \"#text\": \"HKLM\\\\System\\\\CurrentControlSet\\\\Services\\\\Tcpip\\\\Parameters\\\\Interfaces\\\\{12345678-1234-1234-1234-123456789012}\\\\EnableDHCP\"}, {\"@Name\": \"Details\", \"#text\": \"New value: 0x00000001\"}]}}}\n": "Alert Name: Modify Registry. Key Characteristics: Adversaries may interact with the Windows Registry to hide configuration information within Registry keys, remove information as part of cleaning up, or as part of other techniques to aid in persistence and execution. Defense Evasion. High severity. Cybersecurity Alert Description: The Modify Registry alert indicates that adversaries may attempt to modify the Windows Registry to conceal configuration information, remove data, or facilitate persistence and execution. This technique is often used for defense evasion purposes and poses a high threat level. The alert was triggered on endpoint desktop01 when an unauthorized modification of the HKLM\\SOFTWARE\\Microsoft\\Windows\\CurrentVersion\\Run registry key was detected and blocked."}
{"{\"Event\": {\"@xmlns\": \"http://schemas.microsoft.com/win/2004/08/events/event\", \"System\": {\"Provider\": {\"@Name\": \"Microsoft-Windows-Sysmon\", \"@Guid\": \"{5770385F-C22A-43E0-BF4C-06F5698FFBD9}\"}, \"EventID\": \"4\", \"EventName\": \"Sysmon service state changed\", \"EventDescription\": \"The service state change event reports the state of the Sysmon service (started or stopped).\", \"Version\": \"5\", \"Level\": \"4\", \"Task\": \"4\", \"Opcode\": \"0\", \"Keywords\": \"0x8000000000000000\", \"TimeCreated\": {\"@SystemTime\": \"2023-04-16T12:34:56.789012Z\"}, \"EventRecordID\": \"12345\", \"Correlation\": null, \"Execution\": {\"@ProcessID\": \"1234\", \"@ThreadID\": \"5678\"}, \"Channel\": \"Microsoft-Windows-Sysmon/Operational\", \"Computer\": \"DESKTOP-EXAMPLE\", \"Security\": {\"@UserID\": \"S-1-5-18\"}}, \"EventData\": {\"Data\": [{\"@Name\": \"RuleName\", \"#text\": \"-\"}, {\"@Name\": \"UtcTime\", \"#text\": \"2023-04-16 12:34:56.789012Z\"}, {\"@Name\": \"ProcessId\", \"#text\": \"456\"}, {\"@Name\": \"ServiceName\", \"#text\": \"ExampleService\"}, {\"@Name\": \"ServiceFileName\", \"#text\": \"C:\\\\Program Files\\\\Example\\\\ExampleService.exe\"}, {\"@Name\": \"ServiceType\", \"#text\": \"20\"}, {\"@Name\": \"ServiceStartType\", \"#text\": \"2\"}, {\"@Name\": \"ServiceAccount\", \"#text\": \"LocalSystem\"}, {\"@Name\": \"ServiceState\", \"#text\": \"Running\"}]}}}\n": "Alert Name: Service Stop. - Key Characteristics: Defender for Endpoint, Windows service, EDR, SuspiciousServiceName. - Cybersecurity Alert Description: A suspicious stop of a Windows service named SuspiciousServiceName has been detected by Defender for Endpoint using EDR technology. This falls under the category of Process/Service Stop and is classified as High severity."}
{"{\"Event\": {\"@xmlns\": \"http://schemas.microsoft.com/win/2004/08/events/event\", \"System\": {\"Provider\": {\"@Name\": \"Microsoft-Windows-Sysmon\", \"@Guid\": \"{5770385F-C22A-43E0-BF4C-06F5698FFBD9}\"}, \"EventID\": \"16\", \"EventName\": \"ServiceConfigurationChange\", \"EventDescription\": \"This event logs changes in the Sysmon configuration - for example when the filtering rules are updated.\", \"Version\": \"5\", \"Level\": \"4\", \"Task\": \"16\", \"Opcode\": \"0\", \"Keywords\": \"0x8000000000000000\", \"TimeCreated\": {\"@SystemTime\": \"2023-04-16T10:12:03.6098104Z\"}, \"EventRecordID\": \"1234\", \"Correlation\": null, \"Execution\": {\"@ProcessID\": \"1234\", \"@ThreadID\": \"5678\"}, \"Channel\": \"Microsoft-Windows-Sysmon/Operational\", \"Computer\": \"computername\", \"Security\": {\"@UserID\": \"S-1-5-18\"}}, \"EventData\": {\"Data\": [{\"@Name\": \"UtcTime\", \"#text\": \"2023-04-16 10:12:03.609\"}, {\"@Name\": \"ProcessGuid\", \"#text\": \"{12345678-1234-5678-1234-123456789012}\"}, {\"@Name\": \"ProcessId\", \"#text\": \"1234\"}, {\"@Name\": \"Image\", \"#text\": \"C:\\\\Windows\\\\System32\\\\services.exe\"}, {\"@Name\": \"CommandLine\", \"#text\": \"C:\\\\Windows\\\\system32\\\\services.exe\"}, {\"@Name\": \"ServiceName\", \"#text\": \"BITS\"}, {\"@Name\": \"DisplayName\", \"#text\": \"Background Intelligent Transfer Service\"}, {\"@Name\": \"ImagePath\", \"#text\": \"%systemroot%\\\\system32\\\\svchost.exe -k netsvcs -p\"}, {\"@Name\": \"Type\", \"#text\": \"0x20\"}, {\"@Name\": \"StartType\", \"#text\": \"Auto Start\"}, {\"@Name\": \"ErrorControl\", \"#text\": \"Normal\"}, {\"@Name\": \"TagId\", \"#text\": \"0\"}, {\"@Name\": \"ObjectName\", \"#text\": \"LocalSystem\"}, {\"@Name\": \"Description\", \"#text\": \"Transfers files in the background using idle network bandwidth.\"}]}}}\n": "Alert Name: ServiceConfigurationChange. - Key Characteristics: Logs changes in Sysmon configuration, updates filtering rules. - Cybersecurity Alert Description: This alert logs changes in the Sysmon configuration, specifically when filtering rules are updated. It provides information on the process ID, image path, service name, and description of the service that was changed. This can be useful in detecting unauthorized changes to the system configuration."}
{"{\"Event\": {\"@xmlns\": \"http://schemas.microsoft.com/win/2004/08/events/event\", \"System\": {\"Provider\": {\"@Name\": \"Microsoft-Windows-Sysmon\", \"@Guid\": \"{5770385F-C22A-43E0-BF4C-06F5698FFBD9}\"}, \"EventID\": \"20\", \"EventName\": \"WmiEvent (WmiEventConsumer activity detected)\", \"EventDescription\": \"This event logs the registration of WMI consumers, recording the consumer name, log, and destination.\", \"Version\": \"5\", \"Level\": \"4\", \"Task\": \"20\", \"Opcode\": \"0\", \"Keywords\": \"0x8000000000000000\", \"TimeCreated\": {\"@SystemTime\": \"2023-04-16T10:34:23.5646402Z\"}, \"EventRecordID\": \"12345\", \"Correlation\": null, \"Execution\": {\"@ProcessID\": \"1234\", \"@ThreadID\": \"5678\"}, \"Channel\": \"Microsoft-Windows-Sysmon/Operational\", \"Computer\": \"COMPUTERNAME\", \"Security\": {\"@UserID\": \"S-1-5-18\"}}, \"EventData\": {\"Data\": [{\"@Name\": \"RuleName\", \"#text\": \"WmiEventConsumer activity detected\"}, {\"@Name\": \"UtcTime\", \"#text\": \"2023-04-16 10:34:23.564 (UTC)\"}, {\"@Name\": \"ProcessGuid\", \"#text\": \"{12345678-1234-1234-1234-123456789012}\"}, {\"@Name\": \"ProcessId\", \"#text\": \"1234\"}, {\"@Name\": \"ConsumerName\", \"#text\": \"\\\\\\\\.\\\\root\\\\subscription:CommandLineEventConsumer.Name=MyConsumer\"}, {\"@Name\": \"ConsumerType\", \"#text\": \"CommandLineEventConsumer\"}, {\"@Name\": \"FilterName\", \"#text\": \"__EventFilter.Name=\\\\\\\"MyFilter\\\\\\\"\"}, {\"@Name\": \"FilterQuery\", \"#text\": \"SELECT * FROM __InstanceCreationEvent WITHIN 10 WHERE TargetInstance ISA 'Win32_Process' AND TargetInstance.Name = 'cmd.exe'\"}]}}}\n": "Alert Name: Windows Management Instrumentation Execution. - Key Characteristics: High, WMI, bypass traditional security controls. - Cybersecurity Alert Description: Attackers use WMI to execute commands or scripts on a system, bypassing traditional security controls. The endpoint affected is Defender and the executable file associated with this alert is wmiprvse.exe. Alert Name: Windows Management Instrumentation Threat. - Key Characteristics: Detects use of WMI for lateral movement or other malicious activities, process wmiprvse.exe and svchost.exe. - Cybersecurity Alert Description: This high-level threat alert detects the use of WMI for lateral movement or other malicious activities. The alert monitors the processes wmiprvse.exe and svchost.exe, which are commonly used by attackers to execute malicious code."}
{"{\"event\": {\"@xmlns\": \"http://schemas.microsoft.com/win/2004/08/events/event\", \"system\": {\"provider\": {\"@name\": \"Microsoft-Windows-Sysmon\", \"@guid\": \"{5770385F-C22A-43E0-BF4C-06F5698FFBD9}\"}, \"EventID\": \"21\", \"EventName\": \"WmiEvent (WmiEventConsumerToFilter activity detected)\", \"EventDescription\": \"When a consumer binds to a filter, this event logs the consumer name and filter path.\", \"version\": \"5\", \"level\": \"4\", \"task\": \"21\", \"opcode\": \"0\", \"keywords\": \"0x8000000000000000\", \"time-created\": {\"@systemTime\": \"2023-04-16T10:30:00.000000Z\"}, \"eventRecordID\": \"123456\", \"correlation\": null, \"execution\": {\"@processID\": \"1234\", \"@threadID\": \"5678\"}, \"channel\": \"Microsoft-Windows-Sysmon/Operational\", \"computer\": \"COMPUTER_NAME\", \"security\": null}, \"EventData\": {\"Data\": [{\"@Name\": \"EventType\", \"#text\": \"WmiEvent\"}, {\"@Name\": \"Image\", \"#text\": \"C:\\\\Windows\\\\System32\\\\wbem\\\\wmiprvse.exe\"}, {\"@Name\": \"User\", \"#text\": \"NT AUTHORITY\\\\SYSTEM\"}, {\"@Name\": \"Operation\", \"#text\": \"WmiEventConsumerToFilter activity detected\"}, {\"@Name\": \"ConsumerName\", \"#text\": \"CustomEventConsumer\"}, {\"@Name\": \"FilterName\", \"#text\": \"CustomEventFilter\"}, {\"@Name\": \"ConsumerType\", \"#text\": \"ActiveScriptEventConsumer\"}, {\"@Name\": \"FilterType\", \"#text\": \"EventFilter\"}, {\"@Name\": \"ProcessId\", \"#text\": \"1234\"}, {\"@Name\": \"ThreadId\", \"#text\": \"5678\"}, {\"@Name\": \"UtcTime\", \"#text\": \"2023-04-16 10:30:00.000\"}]}}}\n": "Alert Name: Windows Management Instrumentation Execution. - Key Characteristics: High, WMI, bypass traditional security controls. - Cybersecurity Alert Description: Attackers use WMI to execute commands or scripts on a system, bypassing traditional security controls. The endpoint affected is Defender and the executable file associated with this alert is wmiprvse.exe. Alert Name: Windows Management Instrumentation Threat. - Key Characteristics: Detects use of WMI for lateral movement or other malicious activities, process wmiprvse.exe and svchost.exe. - Cybersecurity Alert Description: This high-level threat alert detects the use of WMI for lateral movement or other malicious activities. The alert monitors the processes wmiprvse.exe and svchost.exe, which are commonly used by attackers to execute malicious code."}
{"{\"event\": {\"System\": {\"Provider\": {\"@Name\": \"Microsoft-Windows-Sysmon\", \"@Guid\": \"{5770385F-C22A-43E0-BF4C-06F5698FFBD9}\"}, \"EventID\": \"19\", \"EventName\": \"WmiEvent (WmiEventFilter activity detected)\", \"EventDescription\": \"When a WMI event filter is registered, which is a method used by malware to execute, this event logs the WMI namespace, filter name and filter expression.\", \"Version\": \"5\", \"Level\": \"4\", \"Task\": \"19\", \"Opcode\": \"0\", \"Keywords\": \"0x8000000000000000\", \"TimeCreated\": {\"@SystemTime\": \"2023-04-16T12:34:56.789012300Z\"}}, \"EventData\": {\"Data\": [{\"@Name\": \"RuleName\", \"#text\": \"WmiEventFilter\"}, {\"@Name\": \"Operation\", \"#text\": \"Detected\"}, {\"@Name\": \"User\", \"#text\": \"NT AUTHORITY\\\\SYSTEM\"}, {\"@Name\": \"QueryLanguage\", \"#text\": \"WQL\"}, {\"@Name\": \"Query\", \"#text\": \"SELECT * FROM __InstanceModificationEvent WITHIN 60 WHERE TargetInstance ISA \\\"Win32_Processor\\\" AND TargetInstance.LoadPercentage > 99\"}]}}}": "Alert Name: Windows Management Instrumentation Execution. - Key Characteristics: High, WMI, bypass traditional security controls. - Cybersecurity Alert Description: Attackers use WMI to execute commands or scripts on a system, bypassing traditional security controls. The endpoint affected is Defender and the executable file associated with this alert is wmiprvse.exe. Alert Name: Windows Management Instrumentation Threat. - Key Characteristics: Detects use of WMI for lateral movement or other malicious activities, process wmiprvse.exe and svchost.exe. - Cybersecurity Alert Description: This high-level threat alert detects the use of WMI for lateral movement or other malicious activities. The alert monitors the processes wmiprvse.exe and svchost.exe, which are commonly used by attackers to execute malicious code."}
